----------------------------------------------
                DL_FIELD 4.11                 
       C. W. Yong, STFC (August 2024)         
----------------------------------------------

Status output file.
Created: 2025-01-17 00:20:16

Directory settings:
DL_FIELD home = /usr3/dlpoly/valve_gate_nanotube12_4cyanoforms_n4_dl
LIBRARY = lib/
SOLVENT = solvent/
OUTPUT  = output/
CONTROL = dl_field.control

This conversion will produce output files for the following program(s):

DL_POLY
The following files will be produced:
output/dl_poly.CONFIG
output/dl_poly.FIELD
output/dl_poly.CONTROL (generic)
Units in Angstrom and energy unit as specified in control file.




CONTROL STATUS REPORT (DL_FIELD control file)
___________________________________________________________________

No UDFF file supply.

Verbosity mode turn on.

Interaction potential scheme: opls_2005

All bond type and angle type reset to default.

Energy unit specified: kcal/mol
All parameters will be converted to this unit.

Conversion criteria: normal.

ATOM_KEYs will be displayed in opls2005 format.

Vdw parameters will be displayed in LJ 12-6 (sigma, epsilon) format.

Sigma and epsilon mixing rule will always set to default for single-FF scheme.

Use default 1-4 coulombic scaling factor = 1/2

Use default 1-4 vdw scaling factor = 1/2

Initialise random velocity in CONFIG file.
Temperature scaling = 300.000000 K

User configuration will be centered at origin.
No FREEZE atom.
No THETHER atom.
No CONSTRAIN bond.
No RIGID body.


Apply periodic boundary conditions.
Type of boundary: orthorhombic.
Cell vectors:
34.192679  0.000000  0.000000
0.000000  33.935784  0.000000
0.000000  0.000000  30.000000
Cell parameters:
a=34.192679  b=33.935784  c=30.000000
alpha=90.000000  beta=90.000000  gamma=90.000000
Perpendicular distance:
x = 34.192679  y = 33.935784  z = 30.000000
Maximum cutoff value for MM calculation permissible: 15.000000


INPUT FILE SCAN
___________________________________________________________________

Scanning your configuration file: 12_4cyanoforms_H_O2_n4.xyz
Title: CRYST1   34.19267882516142  33.93578389124449  30.0 90.00  90.00  90.00        None   1^M


Total number of atoms detected in the xyz file: 1288
Center of gravity position of the user's configuration: -0.000001  -0.000000  0.000000
Will reset to origin (0,0,0).
No MOLECULAR_GROUP definition. Assign the whole configuration to a default Molecuar Group called 'XYZ'.
Done.

>>>>Reading coordinates in Molecular Group XYZ

Total rings assigned with the generic aromatic CG = 364
ATOM_TYPEs mapping (DL_F notation): See output/dlf_notation.output file.
Finish.



FORCE FIELD INITIALISATION
___________________________________________________________________


Mixing rules for inorganic potential schemes: not applicable.

Mixing rules between different potential schemes: not applicable.

----- POTENTIAL opls2005 -----
This force field scheme adopts the Standard DL_F Notation.
Total sets of ATOM_TYPE adjustment rules: 160
Allocate memory for MOLECULE templates.
Allocate memory for MOLECULE table.

*** Reading OPLS2005.sf standard file...

*** Setting up ATOM_TYPE from the standard library file (.sf)...
Finish.
Total ATOM_TYPE in standard .sf file: 1525

Allocate memory for parameter tables.

*** Reading OPLS2005.par parameter file...
File successfully read.
Any data after TERMINATION statement will be ignored.
Finish.

*** Setting up potential set from standard OPLS2005.par file...

Energy unit: kcal/mol

Total equivalence atoms defined in .par file = 72

Total second-tier equivalence atoms defined in .par file = 88

Total bond potential in standard .par file = 1033
Total bond potential extracted for this conversion = 19

Total angle potential in standard .par file = 3555
Total angle potential extracted for this conversion = 29

Total dihedral potential in .par file = 2847
Total dihedral extracted for this conversion = 49

Total improper potential sets in .par file = 328
Total improper extracted for this conversion = 6

Total inversion parameter in .par file = 0
Total inversion extracted for this conversion = 0

Total core-shell parameter sets in .par file = 0
Total core-shell extracted in this conversion = 0

Total vdw potential sets in .par file = 210
Total vdw extracted for this conversion = 14

Total VDW_FIX potential sets in .par file = 0
Total VDW_FIX extracted for this conversion = 0

Total three-body potential sets in .par file = 0
Total three-body potential extracted for this conversion = 0


Finish.

*** Checking Parameter Database...
Finish



USER CONFIGURATION
___________________________________________________________________


Total number of Molecular Group(s): 1
1 - XYZ Total atoms = 1288




CONVERSION STATUS REPORT
___________________________________________________________________

This force field scheme adopts the Standard DL_F Notation.
Total sets of ATOM_TYPE adjustment rules: 160

============= Molecular Group: XYZ =============

Energy unit: kcal/mol


>>>>Reading coordinates in Molecular Group XYZ
Atom 192(Cq_alkane) changed to CA_nitrile
Atom 193(Cq_alkane) changed to CA_nitrile
Atom 201(Cq_alkane) changed to CA_nitrile
Atom 205(Cq_alkane) changed to CA_nitrile
Atom 436(Cq_alkane) changed to CA_nitrile
Atom 437(Cq_alkane) changed to CA_nitrile
Atom 445(Cq_alkane) changed to CA_nitrile
Atom 449(Cq_alkane) changed to CA_nitrile
Atom 680(Cq_alkane) changed to CA_nitrile
Atom 681(Cq_alkane) changed to CA_nitrile
Atom 689(Cq_alkane) changed to CA_nitrile
Atom 693(Cq_alkane) changed to CA_nitrile
Atom 924(Cq_alkane) changed to CA_nitrile
Atom 925(Cq_alkane) changed to CA_nitrile
Atom 933(Cq_alkane) changed to CA_nitrile
Atom 937(Cq_alkane) changed to CA_nitrile

User config neighbour list:
1 (C) - 2(C) 107(C) 115(C) 
2 (C) - 1(C) 3(C) 193(C) 
3 (C) - 2(C) 4(C) 54(C) 
4 (C) - 3(C) 5(C) 237(H) 
5 (C) - 4(C) 6(C) 209(C) 
6 (C) - 5(C) 7(C) 238(H) 
7 (C) - 6(C) 8(C) 191(C) 
8 (C) - 7(C) 9(C) 210(C) 
9 (C) - 8(C) 10(C) 41(C) 
10 (C) - 9(C) 11(C) 190(C) 
11 (C) - 10(C) 12(C) 37(C) 
12 (C) - 11(C) 13(C) 35(C) 
13 (C) - 12(C) 14(C) 21(C) 
14 (C) - 13(C) 15(C) 22(C) 
15 (C) - 14(C) 16(C) 37(C) 
16 (C) - 15(C) 17(C) 38(C) 
17 (C) - 16(C) 18(C) 19(C) 
18 (C) - 17(C) 51(C) 205(C) 
19 (C) - 17(C) 20(C) 239(H) 
20 (C) - 19(C) 36(C) 37(C) 
21 (C) - 13(C) 24(C) 96(C) 
22 (C) - 14(C) 23(C) 95(C) 
23 (C) - 22(C) 38(C) 90(C) 
24 (C) - 21(C) 25(C) 101(C) 
25 (C) - 24(C) 26(C) 35(C) 
26 (C) - 25(C) 27(C) 34(C) 
27 (C) - 26(C) 28(C) 39(C) 
28 (C) - 27(C) 29(C) 47(C) 
29 (C) - 28(C) 30(C) 33(C) 
30 (C) - 29(C) 31(C) 157(C) 
31 (C) - 30(C) 32(C) 46(C) 
32 (C) - 31(C) 56(C) 116(C) 
33 (C) - 29(C) 34(C) 135(C) 
34 (C) - 26(C) 33(C) 102(C) 
35 (C) - 12(C) 25(C) 41(C) 
36 (C) - 20(C) 190(C) 240(H) 
37 (C) - 11(C) 15(C) 20(C) 
38 (C) - 16(C) 23(C) 48(C) 
39 (C) - 27(C) 40(C) 41(C) 
40 (C) - 39(C) 42(C) 210(C) 
41 (C) - 9(C) 35(C) 39(C) 
42 (C) - 40(C) 43(C) 47(C) 
43 (C) - 42(C) 44(C) 55(C) 
44 (C) - 43(C) 45(C) 105(C) 
45 (C) - 44(C) 46(C) 74(C) 
46 (C) - 31(C) 45(C) 47(C) 
47 (C) - 28(C) 42(C) 46(C) 
48 (C) - 38(C) 49(C) 51(C) 
49 (C) - 48(C) 50(C) 89(C) 
50 (C) - 49(C) 53(C) 77(C) 
51 (C) - 18(C) 48(C) 52(C) 
52 (C) - 51(C) 53(C) 241(H) 
53 (C) - 50(C) 52(C) 114(C) 
54 (C) - 3(C) 55(C) 106(C) 
55 (C) - 43(C) 54(C) 209(C) 
56 (C) - 32(C) 57(C) 74(C) 
57 (C) - 56(C) 58(C) 122(C) 
58 (C) - 57(C) 59(C) 76(C) 
59 (C) - 58(C) 60(C) 124(C) 
60 (C) - 59(C) 61(C) 69(C) 
61 (C) - 60(C) 62(C) 127(C) 
62 (C) - 61(C) 63(C) 66(C) 
63 (C) - 62(C) 64(C) 68(C) 
64 (C) - 63(C) 65(C) 86(C) 
65 (C) - 64(C) 67(C) 93(C) 
66 (C) - 62(C) 67(C) 129(C) 
67 (C) - 65(C) 66(C) 71(C) 
68 (C) - 63(C) 69(C) 111(C) 
69 (C) - 60(C) 68(C) 70(C) 
70 (C) - 69(C) 76(C) 109(C) 
71 (C) - 67(C) 72(C) 151(C) 
72 (C) - 71(C) 73(C) 92(C) 
73 (C) - 72(C) 99(C) 149(C) 
74 (C) - 45(C) 56(C) 75(C) 
75 (C) - 74(C) 76(C) 103(C) 
76 (C) - 58(C) 70(C) 75(C) 
77 (C) - 50(C) 78(C) 85(C) 
78 (C) - 77(C) 79(C) 112(C) 
79 (C) - 78(C) 80(C) 87(C) 
80 (C) - 79(C) 81(C) 82(C) 
81 (C) - 80(C) 113(C) 194(C) 
82 (C) - 80(C) 83(C) 110(C) 
83 (C) - 82(C) 84(C) 108(C) 
84 (C) - 83(C) 115(C) 194(C) 
85 (C) - 77(C) 86(C) 88(C) 
86 (C) - 64(C) 85(C) 87(C) 
87 (C) - 79(C) 86(C) 111(C) 
88 (C) - 85(C) 89(C) 93(C) 
89 (C) - 49(C) 88(C) 90(C) 
90 (C) - 23(C) 89(C) 91(C) 
91 (C) - 90(C) 92(C) 94(C) 
92 (C) - 72(C) 91(C) 93(C) 
93 (C) - 65(C) 88(C) 92(C) 
94 (C) - 91(C) 95(C) 99(C) 
95 (C) - 22(C) 94(C) 96(C) 
96 (C) - 21(C) 95(C) 97(C) 
97 (C) - 96(C) 98(C) 100(C) 
98 (C) - 97(C) 99(C) 144(C) 
99 (C) - 73(C) 94(C) 98(C) 
100 (C) - 97(C) 101(C) 143(C) 
101 (C) - 24(C) 100(C) 102(C) 
102 (C) - 34(C) 101(C) 141(C) 
103 (C) - 75(C) 104(C) 105(C) 
104 (C) - 103(C) 108(C) 109(C) 
105 (C) - 44(C) 103(C) 106(C) 
106 (C) - 54(C) 105(C) 107(C) 
107 (C) - 1(C) 106(C) 108(C) 
108 (C) - 83(C) 104(C) 107(C) 
109 (C) - 70(C) 104(C) 110(C) 
110 (C) - 82(C) 109(C) 111(C) 
111 (C) - 68(C) 87(C) 110(C) 
112 (C) - 78(C) 113(C) 114(C) 
113 (C) - 81(C) 112(C) 201(C) 
114 (C) - 53(C) 112(C) 242(H) 
115 (C) - 1(C) 84(C) 243(H) 
116 (C) - 32(C) 117(C) 121(C) 
117 (C) - 116(C) 118(C) 123(C) 
118 (C) - 117(C) 119(C) 172(C) 
119 (C) - 118(C) 120(C) 169(C) 
120 (C) - 119(C) 121(C) 160(C) 
121 (C) - 116(C) 120(C) 157(C) 
122 (C) - 57(C) 123(C) 125(C) 
123 (C) - 117(C) 122(C) 161(C) 
124 (C) - 59(C) 125(C) 126(C) 
125 (C) - 122(C) 124(C) 211(C) 
126 (C) - 124(C) 128(C) 215(C) 
127 (C) - 61(C) 128(C) 130(C) 
128 (C) - 126(C) 127(C) 163(C) 
129 (C) - 66(C) 130(C) 134(C) 
130 (C) - 127(C) 129(C) 131(C) 
131 (C) - 130(C) 132(C) 168(C) 
132 (C) - 131(C) 133(C) 467(C) 
133 (C) - 132(C) 134(C) 466(C) 
134 (C) - 129(C) 133(C) 152(C) 
135 (C) - 33(C) 136(C) 140(C) 
136 (C) - 135(C) 137(C) 158(C) 
137 (C) - 136(C) 138(C) 221(C) 
138 (C) - 137(C) 139(C) 179(C) 
139 (C) - 138(C) 140(C) 181(C) 
140 (C) - 135(C) 139(C) 141(C) 
141 (C) - 102(C) 140(C) 142(C) 
142 (C) - 141(C) 187(C) 188(C) 
143 (C) - 100(C) 145(C) 188(C) 
144 (C) - 98(C) 145(C) 148(C) 
145 (C) - 143(C) 144(C) 146(C) 
146 (C) - 145(C) 147(C) 218(C) 
147 (C) - 146(C) 217(C) 944(C) 
148 (C) - 144(C) 150(C) 217(C) 
149 (C) - 73(C) 150(C) 156(C) 
150 (C) - 148(C) 149(C) 174(C) 
151 (C) - 71(C) 152(C) 156(C) 
152 (C) - 134(C) 151(C) 153(C) 
153 (C) - 152(C) 154(C) 465(C) 
154 (C) - 153(C) 155(C) 423(C) 
155 (C) - 154(C) 156(C) 175(C) 
156 (C) - 149(C) 151(C) 155(C) 
157 (C) - 30(C) 121(C) 158(C) 
158 (C) - 136(C) 157(C) 159(C) 
159 (C) - 158(C) 160(C) 222(C) 
160 (C) - 120(C) 159(C) 223(C) 
161 (C) - 123(C) 162(C) 213(C) 
162 (C) - 161(C) 172(C) 952(C) 
163 (C) - 128(C) 164(C) 168(C) 
164 (C) - 163(C) 165(C) 214(C) 
165 (C) - 164(C) 166(C) 910(C) 
166 (C) - 165(C) 167(C) 415(C) 
167 (C) - 166(C) 168(C) 468(C) 
168 (C) - 131(C) 163(C) 167(C) 
169 (C) - 119(C) 170(C) 224(C) 
170 (C) - 169(C) 171(C) 173(C) 
171 (C) - 170(C) 410(C) 916(C) 
172 (C) - 118(C) 162(C) 173(C) 
173 (C) - 170(C) 172(C) 917(C) 
174 (C) - 150(C) 175(C) 189(C) 
175 (C) - 155(C) 174(C) 176(C) 
176 (C) - 175(C) 177(C) 424(C) 
177 (C) - 176(C) 178(C) 428(C) 
178 (C) - 177(C) 189(C) 897(C) 
179 (C) - 138(C) 180(C) 398(C) 
180 (C) - 179(C) 182(C) 420(C) 
181 (C) - 139(C) 182(C) 187(C) 
182 (C) - 180(C) 181(C) 183(C) 
183 (C) - 182(C) 184(C) 185(C) 
184 (C) - 183(C) 421(C) 903(C) 
185 (C) - 183(C) 186(C) 905(C) 
186 (C) - 185(C) 187(C) 220(C) 
187 (C) - 142(C) 181(C) 186(C) 
188 (C) - 142(C) 143(C) 219(C) 
189 (C) - 174(C) 178(C) 216(C) 
190 (C) - 10(C) 36(C) 191(C) 
191 (C) - 7(C) 190(C) 192(C) 
192 (C) - 191(C) 195(C) 196(C) 197(C) 
193 (C) - 2(C) 198(C) 199(C) 200(C) 
194 (C) - 81(C) 84(C) 244(H) 
195 (C) - 192(C) 235(N) 
196 (C) - 192(C) 230(N) 
197 (C) - 192(C) 231(N) 
198 (C) - 193(C) 229(N) 
199 (C) - 193(C) 226(N) 
200 (C) - 193(C) 225(N) 
201 (C) - 113(C) 202(C) 203(C) 204(C) 
202 (C) - 201(C) 227(N) 
203 (C) - 201(C) 228(N) 
204 (C) - 201(C) 236(N) 
205 (C) - 18(C) 206(C) 207(C) 208(C) 
206 (C) - 205(C) 234(N) 
207 (C) - 205(C) 232(N) 
208 (C) - 205(C) 233(N) 
209 (C) - 5(C) 55(C) 210(C) 
210 (C) - 8(C) 40(C) 209(C) 
211 (C) - 125(C) 212(C) 213(C) 
212 (C) - 211(C) 215(C) 879(C) 
213 (C) - 161(C) 211(C) 950(C) 
214 (C) - 164(C) 215(C) 948(C) 
215 (C) - 126(C) 212(C) 214(C) 
216 (C) - 189(C) 217(C) 946(C) 
217 (C) - 147(C) 148(C) 216(C) 
218 (C) - 146(C) 219(C) 945(C) 
219 (C) - 188(C) 218(C) 220(C) 
220 (C) - 186(C) 219(C) 894(C) 
221 (C) - 137(C) 222(C) 397(C) 
222 (C) - 159(C) 221(C) 377(C) 
223 (C) - 160(C) 224(C) 376(C) 
224 (C) - 169(C) 223(C) 411(C) 
225 (N) - 200(C) 
226 (N) - 199(C) 
227 (N) - 202(C) 
228 (N) - 203(C) 
229 (N) - 198(C) 
230 (N) - 196(C) 
231 (N) - 197(C) 
232 (N) - 207(C) 
233 (N) - 208(C) 
234 (N) - 206(C) 
235 (N) - 195(C) 
236 (N) - 204(C) 
237 (H) - 4(C) 
238 (H) - 6(C) 
239 (H) - 19(C) 
240 (H) - 36(C) 
241 (H) - 52(C) 
242 (H) - 114(C) 
243 (H) - 115(C) 
244 (H) - 194(C) 
245 (C) - 246(C) 351(C) 359(C) 
246 (C) - 245(C) 247(C) 437(C) 
247 (C) - 246(C) 248(C) 298(C) 
248 (C) - 247(C) 249(C) 481(H) 
249 (C) - 248(C) 250(C) 453(C) 
250 (C) - 249(C) 251(C) 482(H) 
251 (C) - 250(C) 252(C) 435(C) 
252 (C) - 251(C) 253(C) 454(C) 
253 (C) - 252(C) 254(C) 285(C) 
254 (C) - 253(C) 255(C) 434(C) 
255 (C) - 254(C) 256(C) 281(C) 
256 (C) - 255(C) 257(C) 279(C) 
257 (C) - 256(C) 258(C) 265(C) 
258 (C) - 257(C) 259(C) 266(C) 
259 (C) - 258(C) 260(C) 281(C) 
260 (C) - 259(C) 261(C) 282(C) 
261 (C) - 260(C) 262(C) 263(C) 
262 (C) - 261(C) 295(C) 449(C) 
263 (C) - 261(C) 264(C) 483(H) 
264 (C) - 263(C) 280(C) 281(C) 
265 (C) - 257(C) 268(C) 340(C) 
266 (C) - 258(C) 267(C) 339(C) 
267 (C) - 266(C) 282(C) 334(C) 
268 (C) - 265(C) 269(C) 345(C) 
269 (C) - 268(C) 270(C) 279(C) 
270 (C) - 269(C) 271(C) 278(C) 
271 (C) - 270(C) 272(C) 283(C) 
272 (C) - 271(C) 273(C) 291(C) 
273 (C) - 272(C) 274(C) 277(C) 
274 (C) - 273(C) 275(C) 401(C) 
275 (C) - 274(C) 276(C) 290(C) 
276 (C) - 275(C) 300(C) 360(C) 
277 (C) - 273(C) 278(C) 379(C) 
278 (C) - 270(C) 277(C) 346(C) 
279 (C) - 256(C) 269(C) 285(C) 
280 (C) - 264(C) 434(C) 484(H) 
281 (C) - 255(C) 259(C) 264(C) 
282 (C) - 260(C) 267(C) 292(C) 
283 (C) - 271(C) 284(C) 285(C) 
284 (C) - 283(C) 286(C) 454(C) 
285 (C) - 253(C) 279(C) 283(C) 
286 (C) - 284(C) 287(C) 291(C) 
287 (C) - 286(C) 288(C) 299(C) 
288 (C) - 287(C) 289(C) 349(C) 
289 (C) - 288(C) 290(C) 318(C) 
290 (C) - 275(C) 289(C) 291(C) 
291 (C) - 272(C) 286(C) 290(C) 
292 (C) - 282(C) 293(C) 295(C) 
293 (C) - 292(C) 294(C) 333(C) 
294 (C) - 293(C) 297(C) 321(C) 
295 (C) - 262(C) 292(C) 296(C) 
296 (C) - 295(C) 297(C) 485(H) 
297 (C) - 294(C) 296(C) 358(C) 
298 (C) - 247(C) 299(C) 350(C) 
299 (C) - 287(C) 298(C) 453(C) 
300 (C) - 276(C) 301(C) 318(C) 
301 (C) - 300(C) 302(C) 366(C) 
302 (C) - 301(C) 303(C) 320(C) 
303 (C) - 302(C) 304(C) 368(C) 
304 (C) - 303(C) 305(C) 313(C) 
305 (C) - 304(C) 306(C) 371(C) 
306 (C) - 305(C) 307(C) 310(C) 
307 (C) - 306(C) 308(C) 312(C) 
308 (C) - 307(C) 309(C) 330(C) 
309 (C) - 308(C) 311(C) 337(C) 
310 (C) - 306(C) 311(C) 373(C) 
311 (C) - 309(C) 310(C) 315(C) 
312 (C) - 307(C) 313(C) 355(C) 
313 (C) - 304(C) 312(C) 314(C) 
314 (C) - 313(C) 320(C) 353(C) 
315 (C) - 311(C) 316(C) 395(C) 
316 (C) - 315(C) 317(C) 336(C) 
317 (C) - 316(C) 343(C) 393(C) 
318 (C) - 289(C) 300(C) 319(C) 
319 (C) - 318(C) 320(C) 347(C) 
320 (C) - 302(C) 314(C) 319(C) 
321 (C) - 294(C) 322(C) 329(C) 
322 (C) - 321(C) 323(C) 356(C) 
323 (C) - 322(C) 324(C) 331(C) 
324 (C) - 323(C) 325(C) 326(C) 
325 (C) - 324(C) 357(C) 438(C) 
326 (C) - 324(C) 327(C) 354(C) 
327 (C) - 326(C) 328(C) 352(C) 
328 (C) - 327(C) 359(C) 438(C) 
329 (C) - 321(C) 330(C) 332(C) 
330 (C) - 308(C) 329(C) 331(C) 
331 (C) - 323(C) 330(C) 355(C) 
332 (C) - 329(C) 333(C) 337(C) 
333 (C) - 293(C) 332(C) 334(C) 
334 (C) - 267(C) 333(C) 335(C) 
335 (C) - 334(C) 336(C) 338(C) 
336 (C) - 316(C) 335(C) 337(C) 
337 (C) - 309(C) 332(C) 336(C) 
338 (C) - 335(C) 339(C) 343(C) 
339 (C) - 266(C) 338(C) 340(C) 
340 (C) - 265(C) 339(C) 341(C) 
341 (C) - 340(C) 342(C) 344(C) 
342 (C) - 341(C) 343(C) 388(C) 
343 (C) - 317(C) 338(C) 342(C) 
344 (C) - 341(C) 345(C) 387(C) 
345 (C) - 268(C) 344(C) 346(C) 
346 (C) - 278(C) 345(C) 385(C) 
347 (C) - 319(C) 348(C) 349(C) 
348 (C) - 347(C) 352(C) 353(C) 
349 (C) - 288(C) 347(C) 350(C) 
350 (C) - 298(C) 349(C) 351(C) 
351 (C) - 245(C) 350(C) 352(C) 
352 (C) - 327(C) 348(C) 351(C) 
353 (C) - 314(C) 348(C) 354(C) 
354 (C) - 326(C) 353(C) 355(C) 
355 (C) - 312(C) 331(C) 354(C) 
356 (C) - 322(C) 357(C) 358(C) 
357 (C) - 325(C) 356(C) 445(C) 
358 (C) - 297(C) 356(C) 486(H) 
359 (C) - 245(C) 328(C) 487(H) 
360 (C) - 276(C) 361(C) 365(C) 
361 (C) - 360(C) 362(C) 367(C) 
362 (C) - 361(C) 363(C) 416(C) 
363 (C) - 362(C) 364(C) 413(C) 
364 (C) - 363(C) 365(C) 404(C) 
365 (C) - 360(C) 364(C) 401(C) 
366 (C) - 301(C) 367(C) 369(C) 
367 (C) - 361(C) 366(C) 405(C) 
368 (C) - 303(C) 369(C) 370(C) 
369 (C) - 366(C) 368(C) 455(C) 
370 (C) - 368(C) 372(C) 459(C) 
371 (C) - 305(C) 372(C) 374(C) 
372 (C) - 370(C) 371(C) 407(C) 
373 (C) - 310(C) 374(C) 378(C) 
374 (C) - 371(C) 373(C) 375(C) 
375 (C) - 374(C) 376(C) 412(C) 
376 (C) - 223(C) 375(C) 377(C) 
377 (C) - 222(C) 376(C) 378(C) 
378 (C) - 373(C) 377(C) 396(C) 
379 (C) - 277(C) 380(C) 384(C) 
380 (C) - 379(C) 381(C) 402(C) 
381 (C) - 380(C) 382(C) 465(C) 
382 (C) - 381(C) 383(C) 423(C) 
383 (C) - 382(C) 384(C) 425(C) 
384 (C) - 379(C) 383(C) 385(C) 
385 (C) - 346(C) 384(C) 386(C) 
386 (C) - 385(C) 431(C) 432(C) 
387 (C) - 344(C) 389(C) 432(C) 
388 (C) - 342(C) 389(C) 392(C) 
389 (C) - 387(C) 388(C) 390(C) 
390 (C) - 389(C) 391(C) 462(C) 
391 (C) - 390(C) 461(C) 700(C) 
392 (C) - 388(C) 394(C) 461(C) 
393 (C) - 317(C) 394(C) 400(C) 
394 (C) - 392(C) 393(C) 418(C) 
395 (C) - 315(C) 396(C) 400(C) 
396 (C) - 378(C) 395(C) 397(C) 
397 (C) - 221(C) 396(C) 398(C) 
398 (C) - 179(C) 397(C) 399(C) 
399 (C) - 398(C) 400(C) 419(C) 
400 (C) - 393(C) 395(C) 399(C) 
401 (C) - 274(C) 365(C) 402(C) 
402 (C) - 380(C) 401(C) 403(C) 
403 (C) - 402(C) 404(C) 466(C) 
404 (C) - 364(C) 403(C) 467(C) 
405 (C) - 367(C) 406(C) 457(C) 
406 (C) - 405(C) 416(C) 708(C) 
407 (C) - 372(C) 408(C) 412(C) 
408 (C) - 407(C) 409(C) 458(C) 
409 (C) - 408(C) 410(C) 666(C) 
410 (C) - 171(C) 409(C) 411(C) 
411 (C) - 224(C) 410(C) 412(C) 
412 (C) - 375(C) 407(C) 411(C) 
413 (C) - 363(C) 414(C) 468(C) 
414 (C) - 413(C) 415(C) 417(C) 
415 (C) - 166(C) 414(C) 672(C) 
416 (C) - 362(C) 406(C) 417(C) 
417 (C) - 414(C) 416(C) 673(C) 
418 (C) - 394(C) 419(C) 433(C) 
419 (C) - 399(C) 418(C) 420(C) 
420 (C) - 180(C) 419(C) 421(C) 
421 (C) - 184(C) 420(C) 422(C) 
422 (C) - 421(C) 433(C) 653(C) 
423 (C) - 154(C) 382(C) 424(C) 
424 (C) - 176(C) 423(C) 426(C) 
425 (C) - 383(C) 426(C) 431(C) 
426 (C) - 424(C) 425(C) 427(C) 
427 (C) - 426(C) 428(C) 429(C) 
428 (C) - 177(C) 427(C) 659(C) 
429 (C) - 427(C) 430(C) 661(C) 
430 (C) - 429(C) 431(C) 464(C) 
431 (C) - 386(C) 425(C) 430(C) 
432 (C) - 386(C) 387(C) 463(C) 
433 (C) - 418(C) 422(C) 460(C) 
434 (C) - 254(C) 280(C) 435(C) 
435 (C) - 251(C) 434(C) 436(C) 
436 (C) - 435(C) 439(C) 440(C) 441(C) 
437 (C) - 246(C) 442(C) 443(C) 444(C) 
438 (C) - 325(C) 328(C) 488(H) 
439 (C) - 436(C) 479(N) 
440 (C) - 436(C) 474(N) 
441 (C) - 436(C) 475(N) 
442 (C) - 437(C) 473(N) 
443 (C) - 437(C) 470(N) 
444 (C) - 437(C) 469(N) 
445 (C) - 357(C) 446(C) 447(C) 448(C) 
446 (C) - 445(C) 471(N) 
447 (C) - 445(C) 472(N) 
448 (C) - 445(C) 480(N) 
449 (C) - 262(C) 450(C) 451(C) 452(C) 
450 (C) - 449(C) 478(N) 
451 (C) - 449(C) 476(N) 
452 (C) - 449(C) 477(N) 
453 (C) - 249(C) 299(C) 454(C) 
454 (C) - 252(C) 284(C) 453(C) 
455 (C) - 369(C) 456(C) 457(C) 
456 (C) - 455(C) 459(C) 635(C) 
457 (C) - 405(C) 455(C) 706(C) 
458 (C) - 408(C) 459(C) 704(C) 
459 (C) - 370(C) 456(C) 458(C) 
460 (C) - 433(C) 461(C) 702(C) 
461 (C) - 391(C) 392(C) 460(C) 
462 (C) - 390(C) 463(C) 701(C) 
463 (C) - 432(C) 462(C) 464(C) 
464 (C) - 430(C) 463(C) 650(C) 
465 (C) - 153(C) 381(C) 466(C) 
466 (C) - 133(C) 403(C) 465(C) 
467 (C) - 132(C) 404(C) 468(C) 
468 (C) - 167(C) 413(C) 467(C) 
469 (N) - 444(C) 
470 (N) - 443(C) 
471 (N) - 446(C) 
472 (N) - 447(C) 
473 (N) - 442(C) 
474 (N) - 440(C) 
475 (N) - 441(C) 
476 (N) - 451(C) 
477 (N) - 452(C) 
478 (N) - 450(C) 
479 (N) - 439(C) 
480 (N) - 448(C) 
481 (H) - 248(C) 
482 (H) - 250(C) 
483 (H) - 263(C) 
484 (H) - 280(C) 
485 (H) - 296(C) 
486 (H) - 358(C) 
487 (H) - 359(C) 
488 (H) - 438(C) 
489 (C) - 490(C) 595(C) 603(C) 
490 (C) - 489(C) 491(C) 681(C) 
491 (C) - 490(C) 492(C) 542(C) 
492 (C) - 491(C) 493(C) 725(H) 
493 (C) - 492(C) 494(C) 697(C) 
494 (C) - 493(C) 495(C) 726(H) 
495 (C) - 494(C) 496(C) 679(C) 
496 (C) - 495(C) 497(C) 698(C) 
497 (C) - 496(C) 498(C) 529(C) 
498 (C) - 497(C) 499(C) 678(C) 
499 (C) - 498(C) 500(C) 525(C) 
500 (C) - 499(C) 501(C) 523(C) 
501 (C) - 500(C) 502(C) 509(C) 
502 (C) - 501(C) 503(C) 510(C) 
503 (C) - 502(C) 504(C) 525(C) 
504 (C) - 503(C) 505(C) 526(C) 
505 (C) - 504(C) 506(C) 507(C) 
506 (C) - 505(C) 539(C) 693(C) 
507 (C) - 505(C) 508(C) 727(H) 
508 (C) - 507(C) 524(C) 525(C) 
509 (C) - 501(C) 512(C) 584(C) 
510 (C) - 502(C) 511(C) 583(C) 
511 (C) - 510(C) 526(C) 578(C) 
512 (C) - 509(C) 513(C) 589(C) 
513 (C) - 512(C) 514(C) 523(C) 
514 (C) - 513(C) 515(C) 522(C) 
515 (C) - 514(C) 516(C) 527(C) 
516 (C) - 515(C) 517(C) 535(C) 
517 (C) - 516(C) 518(C) 521(C) 
518 (C) - 517(C) 519(C) 645(C) 
519 (C) - 518(C) 520(C) 534(C) 
520 (C) - 519(C) 544(C) 604(C) 
521 (C) - 517(C) 522(C) 623(C) 
522 (C) - 514(C) 521(C) 590(C) 
523 (C) - 500(C) 513(C) 529(C) 
524 (C) - 508(C) 678(C) 728(H) 
525 (C) - 499(C) 503(C) 508(C) 
526 (C) - 504(C) 511(C) 536(C) 
527 (C) - 515(C) 528(C) 529(C) 
528 (C) - 527(C) 530(C) 698(C) 
529 (C) - 497(C) 523(C) 527(C) 
530 (C) - 528(C) 531(C) 535(C) 
531 (C) - 530(C) 532(C) 543(C) 
532 (C) - 531(C) 533(C) 593(C) 
533 (C) - 532(C) 534(C) 562(C) 
534 (C) - 519(C) 533(C) 535(C) 
535 (C) - 516(C) 530(C) 534(C) 
536 (C) - 526(C) 537(C) 539(C) 
537 (C) - 536(C) 538(C) 577(C) 
538 (C) - 537(C) 541(C) 565(C) 
539 (C) - 506(C) 536(C) 540(C) 
540 (C) - 539(C) 541(C) 729(H) 
541 (C) - 538(C) 540(C) 602(C) 
542 (C) - 491(C) 543(C) 594(C) 
543 (C) - 531(C) 542(C) 697(C) 
544 (C) - 520(C) 545(C) 562(C) 
545 (C) - 544(C) 546(C) 610(C) 
546 (C) - 545(C) 547(C) 564(C) 
547 (C) - 546(C) 548(C) 612(C) 
548 (C) - 547(C) 549(C) 557(C) 
549 (C) - 548(C) 550(C) 615(C) 
550 (C) - 549(C) 551(C) 554(C) 
551 (C) - 550(C) 552(C) 556(C) 
552 (C) - 551(C) 553(C) 574(C) 
553 (C) - 552(C) 555(C) 581(C) 
554 (C) - 550(C) 555(C) 617(C) 
555 (C) - 553(C) 554(C) 559(C) 
556 (C) - 551(C) 557(C) 599(C) 
557 (C) - 548(C) 556(C) 558(C) 
558 (C) - 557(C) 564(C) 597(C) 
559 (C) - 555(C) 560(C) 639(C) 
560 (C) - 559(C) 561(C) 580(C) 
561 (C) - 560(C) 587(C) 637(C) 
562 (C) - 533(C) 544(C) 563(C) 
563 (C) - 562(C) 564(C) 591(C) 
564 (C) - 546(C) 558(C) 563(C) 
565 (C) - 538(C) 566(C) 573(C) 
566 (C) - 565(C) 567(C) 600(C) 
567 (C) - 566(C) 568(C) 575(C) 
568 (C) - 567(C) 569(C) 570(C) 
569 (C) - 568(C) 601(C) 682(C) 
570 (C) - 568(C) 571(C) 598(C) 
571 (C) - 570(C) 572(C) 596(C) 
572 (C) - 571(C) 603(C) 682(C) 
573 (C) - 565(C) 574(C) 576(C) 
574 (C) - 552(C) 573(C) 575(C) 
575 (C) - 567(C) 574(C) 599(C) 
576 (C) - 573(C) 577(C) 581(C) 
577 (C) - 537(C) 576(C) 578(C) 
578 (C) - 511(C) 577(C) 579(C) 
579 (C) - 578(C) 580(C) 582(C) 
580 (C) - 560(C) 579(C) 581(C) 
581 (C) - 553(C) 576(C) 580(C) 
582 (C) - 579(C) 583(C) 587(C) 
583 (C) - 510(C) 582(C) 584(C) 
584 (C) - 509(C) 583(C) 585(C) 
585 (C) - 584(C) 586(C) 588(C) 
586 (C) - 585(C) 587(C) 632(C) 
587 (C) - 561(C) 582(C) 586(C) 
588 (C) - 585(C) 589(C) 631(C) 
589 (C) - 512(C) 588(C) 590(C) 
590 (C) - 522(C) 589(C) 629(C) 
591 (C) - 563(C) 592(C) 593(C) 
592 (C) - 591(C) 596(C) 597(C) 
593 (C) - 532(C) 591(C) 594(C) 
594 (C) - 542(C) 593(C) 595(C) 
595 (C) - 489(C) 594(C) 596(C) 
596 (C) - 571(C) 592(C) 595(C) 
597 (C) - 558(C) 592(C) 598(C) 
598 (C) - 570(C) 597(C) 599(C) 
599 (C) - 556(C) 575(C) 598(C) 
600 (C) - 566(C) 601(C) 602(C) 
601 (C) - 569(C) 600(C) 689(C) 
602 (C) - 541(C) 600(C) 730(H) 
603 (C) - 489(C) 572(C) 731(H) 
604 (C) - 520(C) 605(C) 609(C) 
605 (C) - 604(C) 606(C) 611(C) 
606 (C) - 605(C) 607(C) 660(C) 
607 (C) - 606(C) 608(C) 657(C) 
608 (C) - 607(C) 609(C) 648(C) 
609 (C) - 604(C) 608(C) 645(C) 
610 (C) - 545(C) 611(C) 613(C) 
611 (C) - 605(C) 610(C) 649(C) 
612 (C) - 547(C) 613(C) 614(C) 
613 (C) - 610(C) 612(C) 699(C) 
614 (C) - 612(C) 616(C) 703(C) 
615 (C) - 549(C) 616(C) 618(C) 
616 (C) - 614(C) 615(C) 651(C) 
617 (C) - 554(C) 618(C) 622(C) 
618 (C) - 615(C) 617(C) 619(C) 
619 (C) - 618(C) 620(C) 656(C) 
620 (C) - 619(C) 621(C) 955(C) 
621 (C) - 620(C) 622(C) 954(C) 
622 (C) - 617(C) 621(C) 640(C) 
623 (C) - 521(C) 624(C) 628(C) 
624 (C) - 623(C) 625(C) 646(C) 
625 (C) - 624(C) 626(C) 709(C) 
626 (C) - 625(C) 627(C) 667(C) 
627 (C) - 626(C) 628(C) 669(C) 
628 (C) - 623(C) 627(C) 629(C) 
629 (C) - 590(C) 628(C) 630(C) 
630 (C) - 629(C) 675(C) 676(C) 
631 (C) - 588(C) 633(C) 676(C) 
632 (C) - 586(C) 633(C) 636(C) 
633 (C) - 631(C) 632(C) 634(C) 
634 (C) - 633(C) 635(C) 706(C) 
635 (C) - 456(C) 634(C) 705(C) 
636 (C) - 632(C) 638(C) 705(C) 
637 (C) - 561(C) 638(C) 644(C) 
638 (C) - 636(C) 637(C) 662(C) 
639 (C) - 559(C) 640(C) 644(C) 
640 (C) - 622(C) 639(C) 641(C) 
641 (C) - 640(C) 642(C) 953(C) 
642 (C) - 641(C) 643(C) 911(C) 
643 (C) - 642(C) 644(C) 663(C) 
644 (C) - 637(C) 639(C) 643(C) 
645 (C) - 518(C) 609(C) 646(C) 
646 (C) - 624(C) 645(C) 647(C) 
647 (C) - 646(C) 648(C) 710(C) 
648 (C) - 608(C) 647(C) 711(C) 
649 (C) - 611(C) 650(C) 701(C) 
650 (C) - 464(C) 649(C) 660(C) 
651 (C) - 616(C) 652(C) 656(C) 
652 (C) - 651(C) 653(C) 702(C) 
653 (C) - 422(C) 652(C) 654(C) 
654 (C) - 653(C) 655(C) 903(C) 
655 (C) - 654(C) 656(C) 956(C) 
656 (C) - 619(C) 651(C) 655(C) 
657 (C) - 607(C) 658(C) 712(C) 
658 (C) - 657(C) 659(C) 661(C) 
659 (C) - 428(C) 658(C) 898(C) 
660 (C) - 606(C) 650(C) 661(C) 
661 (C) - 429(C) 658(C) 660(C) 
662 (C) - 638(C) 663(C) 677(C) 
663 (C) - 643(C) 662(C) 664(C) 
664 (C) - 663(C) 665(C) 912(C) 
665 (C) - 664(C) 666(C) 916(C) 
666 (C) - 409(C) 665(C) 677(C) 
667 (C) - 626(C) 668(C) 886(C) 
668 (C) - 667(C) 670(C) 908(C) 
669 (C) - 627(C) 670(C) 675(C) 
670 (C) - 668(C) 669(C) 671(C) 
671 (C) - 670(C) 672(C) 673(C) 
672 (C) - 415(C) 671(C) 909(C) 
673 (C) - 417(C) 671(C) 674(C) 
674 (C) - 673(C) 675(C) 708(C) 
675 (C) - 630(C) 669(C) 674(C) 
676 (C) - 630(C) 631(C) 707(C) 
677 (C) - 662(C) 666(C) 704(C) 
678 (C) - 498(C) 524(C) 679(C) 
679 (C) - 495(C) 678(C) 680(C) 
680 (C) - 679(C) 683(C) 684(C) 685(C) 
681 (C) - 490(C) 686(C) 687(C) 688(C) 
682 (C) - 569(C) 572(C) 732(H) 
683 (C) - 680(C) 723(N) 
684 (C) - 680(C) 718(N) 
685 (C) - 680(C) 719(N) 
686 (C) - 681(C) 717(N) 
687 (C) - 681(C) 714(N) 
688 (C) - 681(C) 713(N) 
689 (C) - 601(C) 690(C) 691(C) 692(C) 
690 (C) - 689(C) 715(N) 
691 (C) - 689(C) 716(N) 
692 (C) - 689(C) 724(N) 
693 (C) - 506(C) 694(C) 695(C) 696(C) 
694 (C) - 693(C) 722(N) 
695 (C) - 693(C) 720(N) 
696 (C) - 693(C) 721(N) 
697 (C) - 493(C) 543(C) 698(C) 
698 (C) - 496(C) 528(C) 697(C) 
699 (C) - 613(C) 700(C) 701(C) 
700 (C) - 391(C) 699(C) 703(C) 
701 (C) - 462(C) 649(C) 699(C) 
702 (C) - 460(C) 652(C) 703(C) 
703 (C) - 614(C) 700(C) 702(C) 
704 (C) - 458(C) 677(C) 705(C) 
705 (C) - 635(C) 636(C) 704(C) 
706 (C) - 457(C) 634(C) 707(C) 
707 (C) - 676(C) 706(C) 708(C) 
708 (C) - 406(C) 674(C) 707(C) 
709 (C) - 625(C) 710(C) 885(C) 
710 (C) - 647(C) 709(C) 865(C) 
711 (C) - 648(C) 712(C) 864(C) 
712 (C) - 657(C) 711(C) 899(C) 
713 (N) - 688(C) 
714 (N) - 687(C) 
715 (N) - 690(C) 
716 (N) - 691(C) 
717 (N) - 686(C) 
718 (N) - 684(C) 
719 (N) - 685(C) 
720 (N) - 695(C) 
721 (N) - 696(C) 
722 (N) - 694(C) 
723 (N) - 683(C) 
724 (N) - 692(C) 
725 (H) - 492(C) 
726 (H) - 494(C) 
727 (H) - 507(C) 
728 (H) - 524(C) 
729 (H) - 540(C) 
730 (H) - 602(C) 
731 (H) - 603(C) 
732 (H) - 682(C) 
733 (C) - 734(C) 839(C) 847(C) 
734 (C) - 733(C) 735(C) 925(C) 
735 (C) - 734(C) 736(C) 786(C) 
736 (C) - 735(C) 737(C) 969(H) 
737 (C) - 736(C) 738(C) 941(C) 
738 (C) - 737(C) 739(C) 970(H) 
739 (C) - 738(C) 740(C) 923(C) 
740 (C) - 739(C) 741(C) 942(C) 
741 (C) - 740(C) 742(C) 773(C) 
742 (C) - 741(C) 743(C) 922(C) 
743 (C) - 742(C) 744(C) 769(C) 
744 (C) - 743(C) 745(C) 767(C) 
745 (C) - 744(C) 746(C) 753(C) 
746 (C) - 745(C) 747(C) 754(C) 
747 (C) - 746(C) 748(C) 769(C) 
748 (C) - 747(C) 749(C) 770(C) 
749 (C) - 748(C) 750(C) 751(C) 
750 (C) - 749(C) 783(C) 937(C) 
751 (C) - 749(C) 752(C) 971(H) 
752 (C) - 751(C) 768(C) 769(C) 
753 (C) - 745(C) 756(C) 828(C) 
754 (C) - 746(C) 755(C) 827(C) 
755 (C) - 754(C) 770(C) 822(C) 
756 (C) - 753(C) 757(C) 833(C) 
757 (C) - 756(C) 758(C) 767(C) 
758 (C) - 757(C) 759(C) 766(C) 
759 (C) - 758(C) 760(C) 771(C) 
760 (C) - 759(C) 761(C) 779(C) 
761 (C) - 760(C) 762(C) 765(C) 
762 (C) - 761(C) 763(C) 889(C) 
763 (C) - 762(C) 764(C) 778(C) 
764 (C) - 763(C) 788(C) 848(C) 
765 (C) - 761(C) 766(C) 867(C) 
766 (C) - 758(C) 765(C) 834(C) 
767 (C) - 744(C) 757(C) 773(C) 
768 (C) - 752(C) 922(C) 972(H) 
769 (C) - 743(C) 747(C) 752(C) 
770 (C) - 748(C) 755(C) 780(C) 
771 (C) - 759(C) 772(C) 773(C) 
772 (C) - 771(C) 774(C) 942(C) 
773 (C) - 741(C) 767(C) 771(C) 
774 (C) - 772(C) 775(C) 779(C) 
775 (C) - 774(C) 776(C) 787(C) 
776 (C) - 775(C) 777(C) 837(C) 
777 (C) - 776(C) 778(C) 806(C) 
778 (C) - 763(C) 777(C) 779(C) 
779 (C) - 760(C) 774(C) 778(C) 
780 (C) - 770(C) 781(C) 783(C) 
781 (C) - 780(C) 782(C) 821(C) 
782 (C) - 781(C) 785(C) 809(C) 
783 (C) - 750(C) 780(C) 784(C) 
784 (C) - 783(C) 785(C) 973(H) 
785 (C) - 782(C) 784(C) 846(C) 
786 (C) - 735(C) 787(C) 838(C) 
787 (C) - 775(C) 786(C) 941(C) 
788 (C) - 764(C) 789(C) 806(C) 
789 (C) - 788(C) 790(C) 854(C) 
790 (C) - 789(C) 791(C) 808(C) 
791 (C) - 790(C) 792(C) 856(C) 
792 (C) - 791(C) 793(C) 801(C) 
793 (C) - 792(C) 794(C) 859(C) 
794 (C) - 793(C) 795(C) 798(C) 
795 (C) - 794(C) 796(C) 800(C) 
796 (C) - 795(C) 797(C) 818(C) 
797 (C) - 796(C) 799(C) 825(C) 
798 (C) - 794(C) 799(C) 861(C) 
799 (C) - 797(C) 798(C) 803(C) 
800 (C) - 795(C) 801(C) 843(C) 
801 (C) - 792(C) 800(C) 802(C) 
802 (C) - 801(C) 808(C) 841(C) 
803 (C) - 799(C) 804(C) 883(C) 
804 (C) - 803(C) 805(C) 824(C) 
805 (C) - 804(C) 831(C) 881(C) 
806 (C) - 777(C) 788(C) 807(C) 
807 (C) - 806(C) 808(C) 835(C) 
808 (C) - 790(C) 802(C) 807(C) 
809 (C) - 782(C) 810(C) 817(C) 
810 (C) - 809(C) 811(C) 844(C) 
811 (C) - 810(C) 812(C) 819(C) 
812 (C) - 811(C) 813(C) 814(C) 
813 (C) - 812(C) 845(C) 926(C) 
814 (C) - 812(C) 815(C) 842(C) 
815 (C) - 814(C) 816(C) 840(C) 
816 (C) - 815(C) 847(C) 926(C) 
817 (C) - 809(C) 818(C) 820(C) 
818 (C) - 796(C) 817(C) 819(C) 
819 (C) - 811(C) 818(C) 843(C) 
820 (C) - 817(C) 821(C) 825(C) 
821 (C) - 781(C) 820(C) 822(C) 
822 (C) - 755(C) 821(C) 823(C) 
823 (C) - 822(C) 824(C) 826(C) 
824 (C) - 804(C) 823(C) 825(C) 
825 (C) - 797(C) 820(C) 824(C) 
826 (C) - 823(C) 827(C) 831(C) 
827 (C) - 754(C) 826(C) 828(C) 
828 (C) - 753(C) 827(C) 829(C) 
829 (C) - 828(C) 830(C) 832(C) 
830 (C) - 829(C) 831(C) 876(C) 
831 (C) - 805(C) 826(C) 830(C) 
832 (C) - 829(C) 833(C) 875(C) 
833 (C) - 756(C) 832(C) 834(C) 
834 (C) - 766(C) 833(C) 873(C) 
835 (C) - 807(C) 836(C) 837(C) 
836 (C) - 835(C) 840(C) 841(C) 
837 (C) - 776(C) 835(C) 838(C) 
838 (C) - 786(C) 837(C) 839(C) 
839 (C) - 733(C) 838(C) 840(C) 
840 (C) - 815(C) 836(C) 839(C) 
841 (C) - 802(C) 836(C) 842(C) 
842 (C) - 814(C) 841(C) 843(C) 
843 (C) - 800(C) 819(C) 842(C) 
844 (C) - 810(C) 845(C) 846(C) 
845 (C) - 813(C) 844(C) 933(C) 
846 (C) - 785(C) 844(C) 974(H) 
847 (C) - 733(C) 816(C) 975(H) 
848 (C) - 764(C) 849(C) 853(C) 
849 (C) - 848(C) 850(C) 855(C) 
850 (C) - 849(C) 851(C) 904(C) 
851 (C) - 850(C) 852(C) 901(C) 
852 (C) - 851(C) 853(C) 892(C) 
853 (C) - 848(C) 852(C) 889(C) 
854 (C) - 789(C) 855(C) 857(C) 
855 (C) - 849(C) 854(C) 893(C) 
856 (C) - 791(C) 857(C) 858(C) 
857 (C) - 854(C) 856(C) 943(C) 
858 (C) - 856(C) 860(C) 947(C) 
859 (C) - 793(C) 860(C) 862(C) 
860 (C) - 858(C) 859(C) 895(C) 
861 (C) - 798(C) 862(C) 866(C) 
862 (C) - 859(C) 861(C) 863(C) 
863 (C) - 862(C) 864(C) 900(C) 
864 (C) - 711(C) 863(C) 865(C) 
865 (C) - 710(C) 864(C) 866(C) 
866 (C) - 861(C) 865(C) 884(C) 
867 (C) - 765(C) 868(C) 872(C) 
868 (C) - 867(C) 869(C) 890(C) 
869 (C) - 868(C) 870(C) 953(C) 
870 (C) - 869(C) 871(C) 911(C) 
871 (C) - 870(C) 872(C) 913(C) 
872 (C) - 867(C) 871(C) 873(C) 
873 (C) - 834(C) 872(C) 874(C) 
874 (C) - 873(C) 919(C) 920(C) 
875 (C) - 832(C) 877(C) 920(C) 
876 (C) - 830(C) 877(C) 880(C) 
877 (C) - 875(C) 876(C) 878(C) 
878 (C) - 877(C) 879(C) 950(C) 
879 (C) - 212(C) 878(C) 949(C) 
880 (C) - 876(C) 882(C) 949(C) 
881 (C) - 805(C) 882(C) 888(C) 
882 (C) - 880(C) 881(C) 906(C) 
883 (C) - 803(C) 884(C) 888(C) 
884 (C) - 866(C) 883(C) 885(C) 
885 (C) - 709(C) 884(C) 886(C) 
886 (C) - 667(C) 885(C) 887(C) 
887 (C) - 886(C) 888(C) 907(C) 
888 (C) - 881(C) 883(C) 887(C) 
889 (C) - 762(C) 853(C) 890(C) 
890 (C) - 868(C) 889(C) 891(C) 
891 (C) - 890(C) 892(C) 954(C) 
892 (C) - 852(C) 891(C) 955(C) 
893 (C) - 855(C) 894(C) 945(C) 
894 (C) - 220(C) 893(C) 904(C) 
895 (C) - 860(C) 896(C) 900(C) 
896 (C) - 895(C) 897(C) 946(C) 
897 (C) - 178(C) 896(C) 898(C) 
898 (C) - 659(C) 897(C) 899(C) 
899 (C) - 712(C) 898(C) 900(C) 
900 (C) - 863(C) 895(C) 899(C) 
901 (C) - 851(C) 902(C) 956(C) 
902 (C) - 901(C) 903(C) 905(C) 
903 (C) - 184(C) 654(C) 902(C) 
904 (C) - 850(C) 894(C) 905(C) 
905 (C) - 185(C) 902(C) 904(C) 
906 (C) - 882(C) 907(C) 921(C) 
907 (C) - 887(C) 906(C) 908(C) 
908 (C) - 668(C) 907(C) 909(C) 
909 (C) - 672(C) 908(C) 910(C) 
910 (C) - 165(C) 909(C) 921(C) 
911 (C) - 642(C) 870(C) 912(C) 
912 (C) - 664(C) 911(C) 914(C) 
913 (C) - 871(C) 914(C) 919(C) 
914 (C) - 912(C) 913(C) 915(C) 
915 (C) - 914(C) 916(C) 917(C) 
916 (C) - 171(C) 665(C) 915(C) 
917 (C) - 173(C) 915(C) 918(C) 
918 (C) - 917(C) 919(C) 952(C) 
919 (C) - 874(C) 913(C) 918(C) 
920 (C) - 874(C) 875(C) 951(C) 
921 (C) - 906(C) 910(C) 948(C) 
922 (C) - 742(C) 768(C) 923(C) 
923 (C) - 739(C) 922(C) 924(C) 
924 (C) - 923(C) 927(C) 928(C) 929(C) 
925 (C) - 734(C) 930(C) 931(C) 932(C) 
926 (C) - 813(C) 816(C) 976(H) 
927 (C) - 924(C) 967(N) 
928 (C) - 924(C) 962(N) 
929 (C) - 924(C) 963(N) 
930 (C) - 925(C) 961(N) 
931 (C) - 925(C) 958(N) 
932 (C) - 925(C) 957(N) 
933 (C) - 845(C) 934(C) 935(C) 936(C) 
934 (C) - 933(C) 959(N) 
935 (C) - 933(C) 960(N) 
936 (C) - 933(C) 968(N) 
937 (C) - 750(C) 938(C) 939(C) 940(C) 
938 (C) - 937(C) 966(N) 
939 (C) - 937(C) 964(N) 
940 (C) - 937(C) 965(N) 
941 (C) - 737(C) 787(C) 942(C) 
942 (C) - 740(C) 772(C) 941(C) 
943 (C) - 857(C) 944(C) 945(C) 
944 (C) - 147(C) 943(C) 947(C) 
945 (C) - 218(C) 893(C) 943(C) 
946 (C) - 216(C) 896(C) 947(C) 
947 (C) - 858(C) 944(C) 946(C) 
948 (C) - 214(C) 921(C) 949(C) 
949 (C) - 879(C) 880(C) 948(C) 
950 (C) - 213(C) 878(C) 951(C) 
951 (C) - 920(C) 950(C) 952(C) 
952 (C) - 162(C) 918(C) 951(C) 
953 (C) - 641(C) 869(C) 954(C) 
954 (C) - 621(C) 891(C) 953(C) 
955 (C) - 620(C) 892(C) 956(C) 
956 (C) - 655(C) 901(C) 955(C) 
957 (N) - 932(C) 
958 (N) - 931(C) 
959 (N) - 934(C) 
960 (N) - 935(C) 
961 (N) - 930(C) 
962 (N) - 928(C) 
963 (N) - 929(C) 
964 (N) - 939(C) 
965 (N) - 940(C) 
966 (N) - 938(C) 
967 (N) - 927(C) 
968 (N) - 936(C) 
969 (H) - 736(C) 
970 (H) - 738(C) 
971 (H) - 751(C) 
972 (H) - 768(C) 
973 (H) - 784(C) 
974 (H) - 846(C) 
975 (H) - 847(C) 
976 (H) - 926(C) 
977 (O) - 978(O) 
978 (O) - 977(O) 
979 (O) - 980(O) 
980 (O) - 979(O) 
981 (O) - 982(O) 
982 (O) - 981(O) 
983 (O) - 984(O) 
984 (O) - 983(O) 
985 (O) - 986(O) 
986 (O) - 985(O) 
987 (O) - 988(O) 
988 (O) - 987(O) 
989 (O) - 990(O) 
990 (O) - 989(O) 
991 (O) - 992(O) 
992 (O) - 991(O) 
993 (O) - 994(O) 
994 (O) - 993(O) 
995 (O) - 996(O) 
996 (O) - 995(O) 
997 (O) - 998(O) 
998 (O) - 997(O) 
999 (O) - 1000(O) 
1000 (O) - 999(O) 
1001 (O) - 1002(O) 
1002 (O) - 1001(O) 
1003 (O) - 1004(O) 
1004 (O) - 1003(O) 
1005 (O) - 1006(O) 
1006 (O) - 1005(O) 
1007 (O) - 1008(O) 
1008 (O) - 1007(O) 
1009 (O) - 1010(O) 
1010 (O) - 1009(O) 
1011 (O) - 1012(O) 
1012 (O) - 1011(O) 
1013 (O) - 1014(O) 
1014 (O) - 1013(O) 
1015 (O) - 1016(O) 
1016 (O) - 1015(O) 
1017 (O) - 1018(O) 
1018 (O) - 1017(O) 
1019 (O) - 1020(O) 
1020 (O) - 1019(O) 
1021 (O) - 1022(O) 
1022 (O) - 1021(O) 
1023 (O) - 1024(O) 
1024 (O) - 1023(O) 
1025 (O) - 1026(O) 
1026 (O) - 1025(O) 
1027 (O) - 1028(O) 
1028 (O) - 1027(O) 
1029 (O) - 1030(O) 
1030 (O) - 1029(O) 
1031 (O) - 1032(O) 
1032 (O) - 1031(O) 
1033 (O) - 1034(O) 
1034 (O) - 1033(O) 
1035 (O) - 1036(O) 
1036 (O) - 1035(O) 
1037 (O) - 1038(O) 
1038 (O) - 1037(O) 
1039 (O) - 1040(O) 
1040 (O) - 1039(O) 
1041 (O) - 1042(O) 
1042 (O) - 1041(O) 
1043 (O) - 1044(O) 
1044 (O) - 1043(O) 
1045 (O) - 1046(O) 
1046 (O) - 1045(O) 
1047 (O) - 1048(O) 
1048 (O) - 1047(O) 
1049 (O) - 1050(O) 
1050 (O) - 1049(O) 
1051 (O) - 1052(O) 
1052 (O) - 1051(O) 
1053 (O) - 1054(O) 
1054 (O) - 1053(O) 
1055 (O) - 1056(O) 
1056 (O) - 1055(O) 
1057 (O) - 1058(O) 
1058 (O) - 1057(O) 
1059 (O) - 1060(O) 
1060 (O) - 1059(O) 
1061 (O) - 1062(O) 
1062 (O) - 1061(O) 
1063 (O) - 1064(O) 
1064 (O) - 1063(O) 
1065 (O) - 1066(O) 
1066 (O) - 1065(O) 
1067 (O) - 1068(O) 
1068 (O) - 1067(O) 
1069 (O) - 1070(O) 
1070 (O) - 1069(O) 
1071 (O) - 1072(O) 
1072 (O) - 1071(O) 
1073 (O) - 1074(O) 
1074 (O) - 1073(O) 
1075 (O) - 1076(O) 
1076 (O) - 1075(O) 
1077 (O) - 1078(O) 
1078 (O) - 1077(O) 
1079 (O) - 1080(O) 
1080 (O) - 1079(O) 
1081 (O) - 1082(O) 
1082 (O) - 1081(O) 
1083 (O) - 1084(O) 
1084 (O) - 1083(O) 
1085 (O) - 1086(O) 
1086 (O) - 1085(O) 
1087 (O) - 1088(O) 
1088 (O) - 1087(O) 
1089 (O) - 1090(O) 
1090 (O) - 1089(O) 
1091 (O) - 1092(O) 
1092 (O) - 1091(O) 
1093 (O) - 1094(O) 
1094 (O) - 1093(O) 
1095 (O) - 1096(O) 
1096 (O) - 1095(O) 
1097 (O) - 1098(O) 
1098 (O) - 1097(O) 
1099 (O) - 1100(O) 
1100 (O) - 1099(O) 
1101 (O) - 1102(O) 
1102 (O) - 1101(O) 
1103 (O) - 1104(O) 
1104 (O) - 1103(O) 
1105 (O) - 1106(O) 
1106 (O) - 1105(O) 
1107 (O) - 1108(O) 
1108 (O) - 1107(O) 
1109 (O) - 1110(O) 
1110 (O) - 1109(O) 
1111 (O) - 1112(O) 
1112 (O) - 1111(O) 
1113 (O) - 1114(O) 
1114 (O) - 1113(O) 
1115 (O) - 1116(O) 
1116 (O) - 1115(O) 
1117 (O) - 1118(O) 
1118 (O) - 1117(O) 
1119 (O) - 1120(O) 
1120 (O) - 1119(O) 
1121 (O) - 1122(O) 
1122 (O) - 1121(O) 
1123 (O) - 1124(O) 
1124 (O) - 1123(O) 
1125 (O) - 1126(O) 
1126 (O) - 1125(O) 
1127 (O) - 1128(O) 
1128 (O) - 1127(O) 
1129 (O) - 1130(O) 
1130 (O) - 1129(O) 
1131 (O) - 1132(O) 
1132 (O) - 1131(O) 
1133 (O) - 1134(O) 
1134 (O) - 1133(O) 
1135 (O) - 1136(O) 
1136 (O) - 1135(O) 
1137 (O) - 1138(O) 
1138 (O) - 1137(O) 
1139 (O) - 1140(O) 
1140 (O) - 1139(O) 
1141 (O) - 1142(O) 
1142 (O) - 1141(O) 
1143 (O) - 1144(O) 
1144 (O) - 1143(O) 
1145 (O) - 1146(O) 
1146 (O) - 1145(O) 
1147 (O) - 1148(O) 
1148 (O) - 1147(O) 
1149 (O) - 1150(O) 
1150 (O) - 1149(O) 
1151 (O) - 1152(O) 
1152 (O) - 1151(O) 
1153 (O) - 1154(O) 
1154 (O) - 1153(O) 
1155 (O) - 1156(O) 
1156 (O) - 1155(O) 
1157 (O) - 1158(O) 
1158 (O) - 1157(O) 
1159 (O) - 1160(O) 
1160 (O) - 1159(O) 
1161 (O) - 1162(O) 
1162 (O) - 1161(O) 
1163 (O) - 1164(O) 
1164 (O) - 1163(O) 
1165 (O) - 1166(O) 
1166 (O) - 1165(O) 
1167 (O) - 1168(O) 
1168 (O) - 1167(O) 
1169 (O) - 1170(O) 
1170 (O) - 1169(O) 
1171 (O) - 1172(O) 
1172 (O) - 1171(O) 
1173 (O) - 1174(O) 
1174 (O) - 1173(O) 
1175 (O) - 1176(O) 
1176 (O) - 1175(O) 
1177 (O) - 1178(O) 
1178 (O) - 1177(O) 
1179 (O) - 1180(O) 
1180 (O) - 1179(O) 
1181 (O) - 1182(O) 
1182 (O) - 1181(O) 
1183 (O) - 1184(O) 
1184 (O) - 1183(O) 
1185 (O) - 1186(O) 
1186 (O) - 1185(O) 
1187 (O) - 1188(O) 
1188 (O) - 1187(O) 
1189 (O) - 1190(O) 
1190 (O) - 1189(O) 
1191 (O) - 1192(O) 
1192 (O) - 1191(O) 
1193 (O) - 1194(O) 
1194 (O) - 1193(O) 
1195 (O) - 1196(O) 
1196 (O) - 1195(O) 
1197 (O) - 1198(O) 
1198 (O) - 1197(O) 
1199 (O) - 1200(O) 
1200 (O) - 1199(O) 
1201 (O) - 1202(O) 
1202 (O) - 1201(O) 
1203 (O) - 1204(O) 
1204 (O) - 1203(O) 
1205 (O) - 1206(O) 
1206 (O) - 1205(O) 
1207 (O) - 1208(O) 
1208 (O) - 1207(O) 
1209 (O) - 1210(O) 
1210 (O) - 1209(O) 
1211 (O) - 1212(O) 
1212 (O) - 1211(O) 
1213 (O) - 1214(O) 
1214 (O) - 1213(O) 
1215 (O) - 1216(O) 
1216 (O) - 1215(O) 
1217 (O) - 1218(O) 
1218 (O) - 1217(O) 
1219 (O) - 1220(O) 
1220 (O) - 1219(O) 
1221 (O) - 1222(O) 
1222 (O) - 1221(O) 
1223 (O) - 1224(O) 
1224 (O) - 1223(O) 
1225 (O) - 1226(O) 
1226 (O) - 1225(O) 
1227 (O) - 1228(O) 
1228 (O) - 1227(O) 
1229 (O) - 1230(O) 
1230 (O) - 1229(O) 
1231 (O) - 1232(O) 
1232 (O) - 1231(O) 
1233 (O) - 1234(O) 
1234 (O) - 1233(O) 
1235 (O) - 1236(O) 
1236 (O) - 1235(O) 
1237 (O) - 1238(O) 
1238 (O) - 1237(O) 
1239 (O) - 1240(O) 
1240 (O) - 1239(O) 
1241 (O) - 1242(O) 
1242 (O) - 1241(O) 
1243 (O) - 1244(O) 
1244 (O) - 1243(O) 
1245 (O) - 1246(O) 
1246 (O) - 1245(O) 
1247 (O) - 1248(O) 
1248 (O) - 1247(O) 
1249 (O) - 1250(O) 
1250 (O) - 1249(O) 
1251 (O) - 1252(O) 
1252 (O) - 1251(O) 
1253 (O) - 1254(O) 
1254 (O) - 1253(O) 
1255 (O) - 1256(O) 
1256 (O) - 1255(O) 
1257 (O) - 1258(O) 
1258 (O) - 1257(O) 
1259 (O) - 1260(O) 
1260 (O) - 1259(O) 
1261 (O) - 1262(O) 
1262 (O) - 1261(O) 
1263 (O) - 1264(O) 
1264 (O) - 1263(O) 
1265 (O) - 1266(O) 
1266 (O) - 1265(O) 
1267 (O) - 1268(O) 
1268 (O) - 1267(O) 
1269 (O) - 1270(O) 
1270 (O) - 1269(O) 
1271 (O) - 1272(O) 
1272 (O) - 1271(O) 
1273 (O) - 1274(O) 
1274 (O) - 1273(O) 
1275 (O) - 1276(O) 
1276 (O) - 1275(O) 
1277 (O) - 1278(O) 
1278 (O) - 1277(O) 
1279 (O) - 1280(O) 
1280 (O) - 1279(O) 
1281 (O) - 1282(O) 
1282 (O) - 1281(O) 
1283 (O) - 1284(O) 
1284 (O) - 1283(O) 
1285 (O) - 1286(O) 
1286 (O) - 1285(O) 
1287 (O) - 1288(O) 
1288 (O) - 1287(O) 

ATOM_KEY - ATOM_TYPE (list only the different types)
1 - CA - C6_aromatic
2 - CANI - CA_nitrile
3 - CZ - C_nitrile
4 - NZ - N_nitrile
5 - HA - HC_aromatic
6 - O_d - O_diatomic


MISC.
___________________________________________________________________


Potential sets for Molecular Group: XYZ
(For one residue only)
Total flexible bond: 1524
Total constraint bond: 0
Total angle: 2640
Total dihedral: 5136 (5136 terms)
Total improper: 832
Total inversion: 0
Total vdw-1-4: 4044
Total three-body: 0
Total core-shell: 0
Not explicitly defined in FIELD (for OPLSAA types).

Smallest x : -17.050777  Largest x: 17.074801
Smallest y : -16.794400  Largest y: 16.841300
Smallest z : -9.262190  Largest z: 6.167660

Cell vectors specified:
34.192679 0.000000 0.000000
0.000000 33.935784 0.000000
0.000000 0.000000 30.000000

Note: For a given molecular group with only one type of residue (such as XYZ group with not_define residues)
      DL_FIELD assumes there is no chemical linkage between residues.


******************************

Please include the following reference in your publication:
C. W. Yong, J. Chem. Info. Model. vol. 56, pp 1405-1409 (2016)
(DOI: 10.1021/acs.jcim.6b00323)

******************************

Total charge of the whole system: -0.000000


Program executed successfully. Thank you for using DL_FIELD.
