----------------------------------------------
                DL_FIELD 4.11                 
       C. W. Yong, STFC (August 2024)         
----------------------------------------------

Status output file.
Created: 2025-01-16 00:05:12

Directory settings:
DL_FIELD home = /usr3/dlpoly/valve_gate_nanotube12_4cyanoforms_dl
LIBRARY = lib/
SOLVENT = solvent/
OUTPUT  = output/
CONTROL = my.control

This conversion will produce output files for the following program(s):

DL_POLY
The following files will be produced:
output/dl_poly.CONFIG
output/dl_poly.FIELD
output/dl_poly.CONTROL (generic)
Units in Angstrom and energy unit as specified in control file.




CONTROL STATUS REPORT (DL_FIELD control file)
___________________________________________________________________

No UDFF file supply.

Verbosity mode turn on.

Interaction potential scheme: opls_2005

All bond type and angle type reset to default.

Energy unit specified: kcal/mol
All parameters will be converted to this unit.

Conversion criteria: normal.

Optimise FIELD size, if possible.

ATOM_KEYs will be displayed in opls2005 format.

Vdw parameters will be displayed in LJ 12-6 (sigma, epsilon) format.

Sigma and epsilon mixing rule will always set to default for single-FF scheme.

Use default 1-4 coulombic scaling factor = 1/2

Use default 1-4 vdw scaling factor = 1/2

Initialise random velocity in CONFIG file.
Temperature scaling = 300.000000 K

User configuration will be centered at origin.
No FREEZE atom.
No THETHER atom.
No CONSTRAIN bond.
No RIGID body.


Apply periodic boundary conditions.
Type of boundary: orthorhombic.
Cell vectors:
17.094880  0.000000  0.000000
0.000000  16.987300  0.000000
0.000000  0.000000  30.000000
Cell parameters:
a=17.094880  b=16.987300  c=30.000000
alpha=90.000000  beta=90.000000  gamma=90.000000
Perpendicular distance:
x = 17.094880  y = 16.987300  z = 30.000000
Maximum cutoff value for MM calculation permissible: 8.493650


INPUT FILE SCAN
___________________________________________________________________

Scanning your configuration file: 12.0_4cyanoforms_O2.xyz
Title: CRYST1   17.09488   16.9873   30.0  90.00  90.00  90.00        None   1^M


Total number of atoms detected in the xyz file: 322
Center of gravity position of the user's configuration: 0.008019  -0.000646  -0.177068
Will reset to origin (0,0,0).
No MOLECULAR_GROUP definition. Assign the whole configuration to a default Molecuar Group called 'XYZ'.
Done.

>>>>Reading coordinates in Molecular Group XYZ

Total rings assigned with the generic aromatic CG = 91
ATOM_TYPEs mapping (DL_F notation): See output/dlf_notation.output file.
Finish.



FORCE FIELD INITIALISATION
___________________________________________________________________


Mixing rules for inorganic potential schemes: not applicable.

Mixing rules between different potential schemes: not applicable.

----- POTENTIAL opls2005 -----
This force field scheme adopts the Standard DL_F Notation.
Total sets of ATOM_TYPE adjustment rules: 160
Allocate memory for MOLECULE templates.
Allocate memory for MOLECULE table.

*** Reading OPLS2005.sf standard file...

*** Setting up ATOM_TYPE from the standard library file (.sf)...
Finish.
Total ATOM_TYPE in standard .sf file: 1525

Allocate memory for parameter tables.

*** Reading OPLS2005.par parameter file...
File successfully read.
Any data after TERMINATION statement will be ignored.
Finish.

*** Setting up potential set from standard OPLS2005.par file...

Energy unit: kcal/mol

Total equivalence atoms defined in .par file = 72

Total second-tier equivalence atoms defined in .par file = 88

Total bond potential in standard .par file = 1033
Total bond potential extracted for this conversion = 19

Total angle potential in standard .par file = 3555
Total angle potential extracted for this conversion = 29

Total dihedral potential in .par file = 2847
Total dihedral extracted for this conversion = 49

Total improper potential sets in .par file = 328
Total improper extracted for this conversion = 6

Total inversion parameter in .par file = 0
Total inversion extracted for this conversion = 0

Total core-shell parameter sets in .par file = 0
Total core-shell extracted in this conversion = 0

Total vdw potential sets in .par file = 210
Total vdw extracted for this conversion = 14

Total VDW_FIX potential sets in .par file = 0
Total VDW_FIX extracted for this conversion = 0

Total three-body potential sets in .par file = 0
Total three-body potential extracted for this conversion = 0


Finish.

*** Checking Parameter Database...
Finish



USER CONFIGURATION
___________________________________________________________________


Total number of Molecular Group(s): 1
1 - XYZ Total atoms = 322




CONVERSION STATUS REPORT
___________________________________________________________________

This force field scheme adopts the Standard DL_F Notation.
Total sets of ATOM_TYPE adjustment rules: 160

============= Molecular Group: XYZ =============

Energy unit: kcal/mol


>>>>Reading coordinates in Molecular Group XYZ
Atom 192(Cq_alkane) changed to CA_nitrile
Atom 193(Cq_alkane) changed to CA_nitrile
Atom 201(Cq_alkane) changed to CA_nitrile
Atom 205(Cq_alkane) changed to CA_nitrile

User config neighbour list:
1 (C) - 2(C) 107(C) 115(C) 
2 (C) - 1(C) 3(C) 193(C) 
3 (C) - 2(C) 4(C) 54(C) 
4 (C) - 3(C) 5(C) 316(H) 
5 (C) - 4(C) 6(C) 209(C) 
6 (C) - 5(C) 7(C) 315(H) 
7 (C) - 6(C) 8(C) 191(C) 
8 (C) - 7(C) 9(C) 210(C) 
9 (C) - 8(C) 10(C) 41(C) 
10 (C) - 9(C) 11(C) 190(C) 
11 (C) - 10(C) 12(C) 37(C) 
12 (C) - 11(C) 13(C) 35(C) 
13 (C) - 12(C) 14(C) 21(C) 
14 (C) - 13(C) 15(C) 22(C) 
15 (C) - 14(C) 16(C) 37(C) 
16 (C) - 15(C) 17(C) 38(C) 
17 (C) - 16(C) 18(C) 19(C) 
18 (C) - 17(C) 51(C) 205(C) 
19 (C) - 17(C) 20(C) 320(H) 
20 (C) - 19(C) 36(C) 37(C) 
21 (C) - 13(C) 24(C) 96(C) 
22 (C) - 14(C) 23(C) 95(C) 
23 (C) - 22(C) 38(C) 90(C) 
24 (C) - 21(C) 25(C) 101(C) 
25 (C) - 24(C) 26(C) 35(C) 
26 (C) - 25(C) 27(C) 34(C) 
27 (C) - 26(C) 28(C) 39(C) 
28 (C) - 27(C) 29(C) 47(C) 
29 (C) - 28(C) 30(C) 33(C) 
30 (C) - 29(C) 31(C) 157(C) 
31 (C) - 30(C) 32(C) 46(C) 
32 (C) - 31(C) 56(C) 116(C) 
33 (C) - 29(C) 34(C) 135(C) 
34 (C) - 26(C) 33(C) 102(C) 
35 (C) - 12(C) 25(C) 41(C) 
36 (C) - 20(C) 190(C) 321(H) 
37 (C) - 11(C) 15(C) 20(C) 
38 (C) - 16(C) 23(C) 48(C) 
39 (C) - 27(C) 40(C) 41(C) 
40 (C) - 39(C) 42(C) 210(C) 
41 (C) - 9(C) 35(C) 39(C) 
42 (C) - 40(C) 43(C) 47(C) 
43 (C) - 42(C) 44(C) 55(C) 
44 (C) - 43(C) 45(C) 105(C) 
45 (C) - 44(C) 46(C) 74(C) 
46 (C) - 31(C) 45(C) 47(C) 
47 (C) - 28(C) 42(C) 46(C) 
48 (C) - 38(C) 49(C) 51(C) 
49 (C) - 48(C) 50(C) 89(C) 
50 (C) - 49(C) 53(C) 77(C) 
51 (C) - 18(C) 48(C) 52(C) 
52 (C) - 51(C) 53(C) 322(H) 
53 (C) - 50(C) 52(C) 114(C) 
54 (C) - 3(C) 55(C) 106(C) 
55 (C) - 43(C) 54(C) 209(C) 
56 (C) - 32(C) 57(C) 74(C) 
57 (C) - 56(C) 58(C) 122(C) 
58 (C) - 57(C) 59(C) 76(C) 
59 (C) - 58(C) 60(C) 124(C) 
60 (C) - 59(C) 61(C) 69(C) 
61 (C) - 60(C) 62(C) 127(C) 
62 (C) - 61(C) 63(C) 66(C) 
63 (C) - 62(C) 64(C) 68(C) 
64 (C) - 63(C) 65(C) 86(C) 
65 (C) - 64(C) 67(C) 93(C) 
66 (C) - 62(C) 67(C) 129(C) 
67 (C) - 65(C) 66(C) 71(C) 
68 (C) - 63(C) 69(C) 111(C) 
69 (C) - 60(C) 68(C) 70(C) 
70 (C) - 69(C) 76(C) 109(C) 
71 (C) - 67(C) 72(C) 151(C) 
72 (C) - 71(C) 73(C) 92(C) 
73 (C) - 72(C) 99(C) 149(C) 
74 (C) - 45(C) 56(C) 75(C) 
75 (C) - 74(C) 76(C) 103(C) 
76 (C) - 58(C) 70(C) 75(C) 
77 (C) - 50(C) 78(C) 85(C) 
78 (C) - 77(C) 79(C) 112(C) 
79 (C) - 78(C) 80(C) 87(C) 
80 (C) - 79(C) 81(C) 82(C) 
81 (C) - 80(C) 113(C) 194(C) 
82 (C) - 80(C) 83(C) 110(C) 
83 (C) - 82(C) 84(C) 108(C) 
84 (C) - 83(C) 115(C) 194(C) 
85 (C) - 77(C) 86(C) 88(C) 
86 (C) - 64(C) 85(C) 87(C) 
87 (C) - 79(C) 86(C) 111(C) 
88 (C) - 85(C) 89(C) 93(C) 
89 (C) - 49(C) 88(C) 90(C) 
90 (C) - 23(C) 89(C) 91(C) 
91 (C) - 90(C) 92(C) 94(C) 
92 (C) - 72(C) 91(C) 93(C) 
93 (C) - 65(C) 88(C) 92(C) 
94 (C) - 91(C) 95(C) 99(C) 
95 (C) - 22(C) 94(C) 96(C) 
96 (C) - 21(C) 95(C) 97(C) 
97 (C) - 96(C) 98(C) 100(C) 
98 (C) - 97(C) 99(C) 144(C) 
99 (C) - 73(C) 94(C) 98(C) 
100 (C) - 97(C) 101(C) 143(C) 
101 (C) - 24(C) 100(C) 102(C) 
102 (C) - 34(C) 101(C) 141(C) 
103 (C) - 75(C) 104(C) 105(C) 
104 (C) - 103(C) 108(C) 109(C) 
105 (C) - 44(C) 103(C) 106(C) 
106 (C) - 54(C) 105(C) 107(C) 
107 (C) - 1(C) 106(C) 108(C) 
108 (C) - 83(C) 104(C) 107(C) 
109 (C) - 70(C) 104(C) 110(C) 
110 (C) - 82(C) 109(C) 111(C) 
111 (C) - 68(C) 87(C) 110(C) 
112 (C) - 78(C) 113(C) 114(C) 
113 (C) - 81(C) 112(C) 201(C) 
114 (C) - 53(C) 112(C) 319(H) 
115 (C) - 1(C) 84(C) 317(H) 
116 (C) - 32(C) 117(C) 121(C) 
117 (C) - 116(C) 118(C) 123(C) 
118 (C) - 117(C) 119(C) 172(C) 
119 (C) - 118(C) 120(C) 169(C) 
120 (C) - 119(C) 121(C) 160(C) 
121 (C) - 116(C) 120(C) 157(C) 
122 (C) - 57(C) 123(C) 125(C) 
123 (C) - 117(C) 122(C) 161(C) 
124 (C) - 59(C) 125(C) 126(C) 
125 (C) - 122(C) 124(C) 211(C) 
126 (C) - 124(C) 128(C) 215(C) 
127 (C) - 61(C) 128(C) 130(C) 
128 (C) - 126(C) 127(C) 163(C) 
129 (C) - 66(C) 130(C) 134(C) 
130 (C) - 127(C) 129(C) 131(C) 
131 (C) - 130(C) 132(C) 168(C) 
132 (C) - 131(C) 133(C) 223(C) 
133 (C) - 132(C) 134(C) 222(C) 
134 (C) - 129(C) 133(C) 152(C) 
135 (C) - 33(C) 136(C) 140(C) 
136 (C) - 135(C) 137(C) 158(C) 
137 (C) - 136(C) 138(C) 221(C) 
138 (C) - 137(C) 139(C) 179(C) 
139 (C) - 138(C) 140(C) 181(C) 
140 (C) - 135(C) 139(C) 141(C) 
141 (C) - 102(C) 140(C) 142(C) 
142 (C) - 141(C) 187(C) 188(C) 
143 (C) - 100(C) 145(C) 188(C) 
144 (C) - 98(C) 145(C) 148(C) 
145 (C) - 143(C) 144(C) 146(C) 
146 (C) - 145(C) 147(C) 218(C) 
147 (C) - 146(C) 212(C) 217(C) 
148 (C) - 144(C) 150(C) 217(C) 
149 (C) - 73(C) 150(C) 156(C) 
150 (C) - 148(C) 149(C) 174(C) 
151 (C) - 71(C) 152(C) 156(C) 
152 (C) - 134(C) 151(C) 153(C) 
153 (C) - 152(C) 154(C) 221(C) 
154 (C) - 153(C) 155(C) 179(C) 
155 (C) - 154(C) 156(C) 175(C) 
156 (C) - 149(C) 151(C) 155(C) 
157 (C) - 30(C) 121(C) 158(C) 
158 (C) - 136(C) 157(C) 159(C) 
159 (C) - 158(C) 160(C) 222(C) 
160 (C) - 120(C) 159(C) 223(C) 
161 (C) - 123(C) 162(C) 213(C) 
162 (C) - 161(C) 172(C) 220(C) 
163 (C) - 128(C) 164(C) 168(C) 
164 (C) - 163(C) 165(C) 214(C) 
165 (C) - 164(C) 166(C) 178(C) 
166 (C) - 165(C) 167(C) 171(C) 
167 (C) - 166(C) 168(C) 224(C) 
168 (C) - 131(C) 163(C) 167(C) 
169 (C) - 119(C) 170(C) 224(C) 
170 (C) - 169(C) 171(C) 173(C) 
171 (C) - 166(C) 170(C) 184(C) 
172 (C) - 118(C) 162(C) 173(C) 
173 (C) - 170(C) 172(C) 185(C) 
174 (C) - 150(C) 175(C) 189(C) 
175 (C) - 155(C) 174(C) 176(C) 
176 (C) - 175(C) 177(C) 180(C) 
177 (C) - 176(C) 178(C) 184(C) 
178 (C) - 165(C) 177(C) 189(C) 
179 (C) - 138(C) 154(C) 180(C) 
180 (C) - 176(C) 179(C) 182(C) 
181 (C) - 139(C) 182(C) 187(C) 
182 (C) - 180(C) 181(C) 183(C) 
183 (C) - 182(C) 184(C) 185(C) 
184 (C) - 171(C) 177(C) 183(C) 
185 (C) - 173(C) 183(C) 186(C) 
186 (C) - 185(C) 187(C) 220(C) 
187 (C) - 142(C) 181(C) 186(C) 
188 (C) - 142(C) 143(C) 219(C) 
189 (C) - 174(C) 178(C) 216(C) 
190 (C) - 10(C) 36(C) 191(C) 
191 (C) - 7(C) 190(C) 192(C) 
192 (C) - 191(C) 195(C) 196(C) 197(C) 
193 (C) - 2(C) 198(C) 199(C) 200(C) 
194 (C) - 81(C) 84(C) 318(H) 
195 (C) - 192(C) 235(N) 
196 (C) - 192(C) 230(N) 
197 (C) - 192(C) 231(N) 
198 (C) - 193(C) 229(N) 
199 (C) - 193(C) 226(N) 
200 (C) - 193(C) 225(N) 
201 (C) - 113(C) 202(C) 203(C) 204(C) 
202 (C) - 201(C) 227(N) 
203 (C) - 201(C) 228(N) 
204 (C) - 201(C) 236(N) 
205 (C) - 18(C) 206(C) 207(C) 208(C) 
206 (C) - 205(C) 234(N) 
207 (C) - 205(C) 232(N) 
208 (C) - 205(C) 233(N) 
209 (C) - 5(C) 55(C) 210(C) 
210 (C) - 8(C) 40(C) 209(C) 
211 (C) - 125(C) 212(C) 213(C) 
212 (C) - 147(C) 211(C) 215(C) 
213 (C) - 161(C) 211(C) 218(C) 
214 (C) - 164(C) 215(C) 216(C) 
215 (C) - 126(C) 212(C) 214(C) 
216 (C) - 189(C) 214(C) 217(C) 
217 (C) - 147(C) 148(C) 216(C) 
218 (C) - 146(C) 213(C) 219(C) 
219 (C) - 188(C) 218(C) 220(C) 
220 (C) - 162(C) 186(C) 219(C) 
221 (C) - 137(C) 153(C) 222(C) 
222 (C) - 133(C) 159(C) 221(C) 
223 (C) - 132(C) 160(C) 224(C) 
224 (C) - 167(C) 169(C) 223(C) 
225 (N) - 200(C) 
226 (N) - 199(C) 
227 (N) - 202(C) 
228 (N) - 203(C) 
229 (N) - 198(C) 
230 (N) - 196(C) 
231 (N) - 197(C) 
232 (N) - 207(C) 
233 (N) - 208(C) 
234 (N) - 206(C) 
235 (N) - 195(C) 
236 (N) - 204(C) 
237 (O) - 238(O) 
238 (O) - 237(O) 
239 (O) - 240(O) 
240 (O) - 239(O) 
241 (O) - 242(O) 
242 (O) - 241(O) 
243 (O) - 244(O) 
244 (O) - 243(O) 
245 (O) - 246(O) 
246 (O) - 245(O) 
247 (O) - 248(O) 
248 (O) - 247(O) 
249 (O) - 250(O) 
250 (O) - 249(O) 
251 (O) - 252(O) 
252 (O) - 251(O) 
253 (O) - 254(O) 
254 (O) - 253(O) 
255 (O) - 256(O) 
256 (O) - 255(O) 
257 (O) - 258(O) 
258 (O) - 257(O) 
259 (O) - 260(O) 
260 (O) - 259(O) 
261 (O) - 262(O) 
262 (O) - 261(O) 
263 (O) - 264(O) 
264 (O) - 263(O) 
265 (O) - 266(O) 
266 (O) - 265(O) 
267 (O) - 268(O) 
268 (O) - 267(O) 
269 (O) - 270(O) 
270 (O) - 269(O) 
271 (O) - 272(O) 
272 (O) - 271(O) 
273 (O) - 274(O) 
274 (O) - 273(O) 
275 (O) - 276(O) 
276 (O) - 275(O) 
277 (O) - 278(O) 
278 (O) - 277(O) 
279 (O) - 280(O) 
280 (O) - 279(O) 
281 (O) - 282(O) 
282 (O) - 281(O) 
283 (O) - 284(O) 
284 (O) - 283(O) 
285 (O) - 286(O) 
286 (O) - 285(O) 
287 (O) - 288(O) 
288 (O) - 287(O) 
289 (O) - 290(O) 
290 (O) - 289(O) 
291 (O) - 292(O) 
292 (O) - 291(O) 
293 (O) - 294(O) 
294 (O) - 293(O) 
295 (O) - 296(O) 
296 (O) - 295(O) 
297 (O) - 298(O) 
298 (O) - 297(O) 
299 (O) - 300(O) 
300 (O) - 299(O) 
301 (O) - 302(O) 
302 (O) - 301(O) 
303 (O) - 304(O) 
304 (O) - 303(O) 
305 (O) - 306(O) 
306 (O) - 305(O) 
307 (O) - 308(O) 
308 (O) - 307(O) 
309 (O) - 310(O) 
310 (O) - 309(O) 
311 (O) - 312(O) 
312 (O) - 311(O) 
313 (O) - 314(O) 
314 (O) - 313(O) 
315 (H) - 6(C) 
316 (H) - 4(C) 
317 (H) - 115(C) 
318 (H) - 194(C) 
319 (H) - 114(C) 
320 (H) - 19(C) 
321 (H) - 36(C) 
322 (H) - 52(C) 

ATOM_KEY - ATOM_TYPE (list only the different types)
1 - CA - C6_aromatic
2 - CANI - CA_nitrile
3 - CZ - C_nitrile
4 - NZ - N_nitrile
5 - O_d - O_diatomic
6 - HA - HC_aromatic


MISC.
___________________________________________________________________


Potential sets for Molecular Group: XYZ
(For one residue only)
Total flexible bond: 381
Total constraint bond: 0
Total angle: 660
Total dihedral: 1284 (1284 terms)
Total improper: 208
Total inversion: 0
Total vdw-1-4: 1011
Total three-body: 0
Total core-shell: 0
Not explicitly defined in FIELD (for OPLSAA types).

Smallest x : -8.386019  Largest x: 8.403981
Smallest y : -8.274354  Largest y: 8.060646
Smallest z : -8.889932  Largest z: 6.198068

Cell vectors specified:
17.094880 0.000000 0.000000
0.000000 16.987300 0.000000
0.000000 0.000000 30.000000

Note: For a given molecular group with only one type of residue (such as XYZ group with not_define residues)
      DL_FIELD assumes there is no chemical linkage between residues.


******************************

Please include the following reference in your publication:
C. W. Yong, J. Chem. Info. Model. vol. 56, pp 1405-1409 (2016)
(DOI: 10.1021/acs.jcim.6b00323)

******************************

Total charge of the whole system: -0.000000


Program executed successfully. Thank you for using DL_FIELD.
